Requirement already satisfied: pandas in c:\users\macu\appdata\local\programs\python\python313\lib\site-packages (from -r requirements.txt (line 1)) (2.2.3)
Requirement already satisfied: pyautogui in c:\users\macu\appdata\local\programs\python\python313\lib\site-packages (from -r requirements.txt (line 2)) (0.9.54)
Requirement already satisfied: pyperclip in c:\users\macu\appdata\local\programs\python\python313\lib\site-packages (from -r requirements.txt (line 3)) (1.9.0)
Requirement already satisfied: pyinstaller in c:\users\macu\appdata\local\programs\python\python313\lib\site-packages (from -r requirements.txt (line 4)) (6.11.1)
Requirement already satisfied: python-dotenv in c:\users\macu\appdata\local\programs\python\python313\lib\site-packages (from -r requirements.txt (line 5)) (1.0.1)
Requirement already satisfied: openpyxl in c:\users\macu\appdata\local\programs\python\python313\lib\site-packages (from -r requirements.txt (line 6)) (3.1.5)
Requirement already satisfied: tk in c:\users\macu\appdata\local\programs\python\python313\lib\site-packages (from -r requirements.txt (line 7)) (0.1.0)
Requirement already satisfied: pillow in c:\users\macu\appdata\local\programs\python\python313\lib\site-packages (from -r requirements.txt (line 8)) (11.0.0)
Requirement already satisfied: cairosvg in c:\users\macu\appdata\local\programs\python\python313\lib\site-packages (from -r requirements.txt (line 9)) (2.7.1)
Requirement already satisfied: svgwrite in c:\users\macu\appdata\local\programs\python\python313\lib\site-packages (from -r requirements.txt (line 10)) (1.4.3)
Requirement already satisfied: pytest in c:\users\macu\appdata\local\programs\python\python313\lib\site-packages (from -r requirements.txt (line 11)) (8.3.4)
Requirement already satisfied: numpy>=1.26.0 in c:\users\macu\appdata\local\programs\python\python313\lib\site-packages (from pandas->-r requirements.txt (line 1)) (2.2.1)
Requirement already satisfied: python-dateutil>=2.8.2 in c:\users\macu\appdata\local\programs\python\python313\lib\site-packages (from pandas->-r requirements.txt (line 1)) (2.9.0.post0)
Requirement already satisfied: pytz>=2020.1 in c:\users\macu\appdata\local\programs\python\python313\lib\site-packages (from pandas->-r requirements.txt (line 1)) (2024.2)
Requirement already satisfied: tzdata>=2022.7 in c:\users\macu\appdata\local\programs\python\python313\lib\site-packages (from pandas->-r requirements.txt (line 1)) (2024.2)
Requirement already satisfied: pymsgbox in c:\users\macu\appdata\local\programs\python\python313\lib\site-packages (from pyautogui->-r requirements.txt (line 2)) (1.0.9)
Requirement already satisfied: pytweening>=1.0.4 in c:\users\macu\appdata\local\programs\python\python313\lib\site-packages (from pyautogui->-r requirements.txt (line 2)) (1.2.0)
Requirement already satisfied: pyscreeze>=0.1.21 in c:\users\macu\appdata\local\programs\python\python313\lib\site-packages (from pyautogui->-r requirements.txt (line 2)) (1.0.1)
Requirement already satisfied: pygetwindow>=0.0.5 in c:\users\macu\appdata\local\programs\python\python313\lib\site-packages (from pyautogui->-r requirements.txt (line 2)) (0.0.9)
Requirement already satisfied: mouseinfo in c:\users\macu\appdata\local\programs\python\python313\lib\site-packages (from pyautogui->-r requirements.txt (line 2)) (0.1.3)
Requirement already satisfied: setuptools>=42.0.0 in c:\users\macu\appdata\local\programs\python\python313\lib\site-packages (from pyinstaller->-r requirements.txt (line 4)) (75.6.0)
Requirement already satisfied: altgraph in c:\users\macu\appdata\local\programs\python\python313\lib\site-packages (from pyinstaller->-r requirements.txt (line 4)) (0.17.4)
Requirement already satisfied: pyinstaller-hooks-contrib>=2024.9 in c:\users\macu\appdata\local\programs\python\python313\lib\site-packages (from pyinstaller->-r requirements.txt (line 4)) (2024.10)
Requirement already satisfied: packaging>=22.0 in c:\users\macu\appdata\local\programs\python\python313\lib\site-packages (from pyinstaller->-r requirements.txt (line 4)) (24.2)
Requirement already satisfied: pefile!=2024.8.26,>=2022.5.30 in c:\users\macu\appdata\local\programs\python\python313\lib\site-packages (from pyinstaller->-r requirements.txt (line 4)) (2023.2.7)
Requirement already satisfied: pywin32-ctypes>=0.2.1 in c:\users\macu\appdata\local\programs\python\python313\lib\site-packages (from pyinstaller->-r requirements.txt (line 4)) (0.2.3)
Requirement already satisfied: et-xmlfile in c:\users\macu\appdata\local\programs\python\python313\lib\site-packages (from openpyxl->-r requirements.txt (line 6)) (2.0.0)
Requirement already satisfied: cairocffi in c:\users\macu\appdata\local\programs\python\python313\lib\site-packages (from cairosvg->-r requirements.txt (line 9)) (1.7.1)
Requirement already satisfied: cssselect2 in c:\users\macu\appdata\local\programs\python\python313\lib\site-packages (from cairosvg->-r requirements.txt (line 9)) (0.7.0)
Requirement already satisfied: defusedxml in c:\users\macu\appdata\local\programs\python\python313\lib\site-packages (from cairosvg->-r requirements.txt (line 9)) (0.7.1)
Requirement already satisfied: tinycss2 in c:\users\macu\appdata\local\programs\python\python313\lib\site-packages (from cairosvg->-r requirements.txt (line 9)) (1.4.0)
Requirement already satisfied: colorama in c:\users\macu\appdata\local\programs\python\python313\lib\site-packages (from pytest->-r requirements.txt (line 11)) (0.4.6)
Requirement already satisfied: iniconfig in c:\users\macu\appdata\local\programs\python\python313\lib\site-packages (from pytest->-r requirements.txt (line 11)) (2.0.0)
Requirement already satisfied: pluggy<2,>=1.5 in c:\users\macu\appdata\local\programs\python\python313\lib\site-packages (from pytest->-r requirements.txt (line 11)) (1.5.0)
Requirement already satisfied: pyrect in c:\users\macu\appdata\local\programs\python\python313\lib\site-packages (from pygetwindow>=0.0.5->pyautogui->-r requirements.txt (line 2)) (0.2.0)
Requirement already satisfied: six>=1.5 in c:\users\macu\appdata\local\programs\python\python313\lib\site-packages (from python-dateutil>=2.8.2->pandas->-r requirements.txt (line 1)) (1.17.0)
Requirement already satisfied: cffi>=1.1.0 in c:\users\macu\appdata\local\programs\python\python313\lib\site-packages (from cairocffi->cairosvg->-r requirements.txt (line 9)) (1.17.1)
Requirement already satisfied: webencodings in c:\users\macu\appdata\local\programs\python\python313\lib\site-packages (from cssselect2->cairosvg->-r requirements.txt (line 9)) (0.5.1)
Requirement already satisfied: pycparser in c:\users\macu\appdata\local\programs\python\python313\lib\site-packages (from cffi>=1.1.0->cairocffi->cairosvg->-r requirements.txt (line 9)) (2.22)
